<?xml version="1.0" encoding="UTF-8"?>
<!-- Generated by org.testng.reporters.JUnitReportReporter -->
<testsuite hostname="binsonPc" failures="0" tests="1" name="expedia.Expedia_test" time="35.025" errors="0" timestamp="2020-12-30T08:12:04 EST" skipped="0">
  <testcase classname="expedia.Expedia_test" name="BookingFlights" time="35.025"/>
  <system-out/>
</testsuite> <!-- expedia.Expedia_test -->
